/opt/ros/melodic/lib/python2.7/dist-packages/tf/listener.py:63: UserWarning: translation should be of type Vector3
  self._buffer.set_transform(transform, authority)
/opt/ros/melodic/lib/python2.7/dist-packages/tf/listener.py:63: UserWarning: rotation should be of type Quaternion
  self._buffer.set_transform(transform, authority)
/home/phiggin1/catkin_ws/devel/lib/python2.7/dist-packages/tf_bag/__init__.py:99: UserWarning: translation should be of type Vector3
/home/phiggin1/catkin_ws/devel/lib/python2.7/dist-packages/tf_bag/__init__.py:99: UserWarning: rotation should be of type Quaternion
Traceback (most recent call last):
  File "gaze.py", line 381, in <module>
    audio_csv = pd.DataFrame(audio_timestamps, columns=['end_timestamp', 'start_timestamp', 'transcript'])
NameError: name 'audio_timestamps' is not defined
/opt/ros/melodic/lib/python2.7/dist-packages/tf/listener.py:63: UserWarning: translation should be of type Vector3
  self._buffer.set_transform(transform, authority)
/opt/ros/melodic/lib/python2.7/dist-packages/tf/listener.py:63: UserWarning: rotation should be of type Quaternion
  self._buffer.set_transform(transform, authority)
/home/phiggin1/catkin_ws/devel/lib/python2.7/dist-packages/tf_bag/__init__.py:99: UserWarning: translation should be of type Vector3
/home/phiggin1/catkin_ws/devel/lib/python2.7/dist-packages/tf_bag/__init__.py:99: UserWarning: rotation should be of type Quaternion
Traceback (most recent call last):
  File "gaze.py", line 381, in <module>
    audio_csv = pd.DataFrame(audio_timestamps, columns=['end_timestamp', 'start_timestamp', 'transcript'])
NameError: name 'audio_timestamps' is not defined
/opt/ros/melodic/lib/python2.7/dist-packages/tf/listener.py:63: UserWarning: translation should be of type Vector3
  self._buffer.set_transform(transform, authority)
/opt/ros/melodic/lib/python2.7/dist-packages/tf/listener.py:63: UserWarning: rotation should be of type Quaternion
  self._buffer.set_transform(transform, authority)
/home/phiggin1/catkin_ws/devel/lib/python2.7/dist-packages/tf_bag/__init__.py:99: UserWarning: translation should be of type Vector3
/home/phiggin1/catkin_ws/devel/lib/python2.7/dist-packages/tf_bag/__init__.py:99: UserWarning: rotation should be of type Quaternion
